<?xml version="1.0" encoding="UTF-8"?>
<!-- Generated by org.testng.reporters.JUnitReportReporter -->
<testsuite hostname="DESKTOP-G1N8O8B" failures="0" tests="1" name="com.Inetbanking.TestCases.AddNewCustomerTest" time="15.633" errors="0" timestamp="2020-04-07T17:46:00 EDT" skipped="0">
  <testcase classname="com.Inetbanking.TestCases.AddNewCustomerTest" name="AddNewCustomer_TC01" time="15.633"/>
</testsuite> <!-- com.Inetbanking.TestCases.AddNewCustomerTest -->
