<?xml version="1.0" encoding="UTF-8"?>
<!-- Generated by org.testng.reporters.JUnitReportReporter -->
<testsuite hostname="DESKTOP-G1N8O8B" failures="0" tests="1" name="com.Inetbanking.TestCases.LoginTest" time="18.314" errors="0" timestamp="2020-04-09T10:45:25 EDT" skipped="0">
  <testcase classname="com.Inetbanking.TestCases.LoginTest" name="LoginTest_TC01" time="18.314"/>
  <system-out/>
</testsuite> <!-- com.Inetbanking.TestCases.LoginTest -->
